<?xml version="1.0" encoding="UTF-8"?>
<!-- Generated by org.testng.reporters.JUnitXMLReporter -->
<testsuite ignored="0" hostname="LAPTOP-6R835KQL" failures="2" tests="2" name="Test" time="5.703" errors="0" timestamp="2020-08-07T16:58:01 IST">
  <testcase classname="Com.Utilities.CommonFile" name="file" time="5.646">
    <failure type="java.io.FileNotFoundException" message="C:\Users\G.Hemanth Kumar\eclipse-workspace\Orange\Application.Properties (The system cannot find the file specified)">
      <![CDATA[java.io.FileNotFoundException: C:\Users\G.Hemanth Kumar\eclipse-workspace\Orange\Application.Properties (The system cannot find the file specified)
at java.base/java.io.FileInputStream.open0(Native Method)
at java.base/java.io.FileInputStream.open(FileInputStream.java:212)
at java.base/java.io.FileInputStream.<init>(FileInputStream.java:154)
at java.base/java.io.FileInputStream.<init>(FileInputStream.java:109)
at Com.Utilities.CommonFile.file(CommonFile.java:32)
at java.base/java.util.ArrayList.forEach(ArrayList.java:1510)
... Removed 31 stack frames]]>
    </failure>
  </testcase> <!-- file -->
  <testcase classname="Com.Utilities.CommonFile" name="file" time="5.686">
    <failure type="java.lang.IncompatibleClassChangeError" message="Class org.apache.maven.surefire.report.PojoStackTraceWriter does not implement the requested interface org.apache.maven.surefire.report.StackTraceWriter">
      <![CDATA[java.lang.IncompatibleClassChangeError: Class org.apache.maven.surefire.report.PojoStackTraceWriter does not implement the requested interface org.apache.maven.surefire.report.StackTraceWriter
at java.base/java.util.ArrayList.forEach(ArrayList.java:1510)
... Removed 34 stack frames]]>
    </failure>
  </testcase> <!-- file -->
</testsuite> <!-- Test -->
