<?xml version="1.0" encoding="UTF-8"?>
<testng-results ignored="0" total="3" passed="3" failed="0" skipped="0">
  <reporter-output>
  </reporter-output>
  <suite started-at="2020-08-04T11:32:57 IST" name="Suite" finished-at="2020-08-04T11:33:31 IST" duration-ms="33778">
    <groups>
    </groups>
    <test started-at="2020-08-04T11:32:57 IST" name="Test" finished-at="2020-08-04T11:33:31 IST" duration-ms="33778">
      <class name="Com.TestScripts.Dataprovider">
        <test-method signature="login_logout(java.lang.String, java.lang.String)[pri:0, instance:Com.TestScripts.Dataprovider@5af97850]" started-at="2020-08-04T11:32:58 IST" name="login_logout" data-provider="testdata" finished-at="2020-08-04T11:33:08 IST" duration-ms="10611" status="PASS">
          <params>
            <param index="0">
              <value>
                <![CDATA[Admin1]]>
              </value>
            </param>
            <param index="1">
              <value>
                <![CDATA[admin2]]>
              </value>
            </param>
          </params>
          <reporter-output>
          </reporter-output>
        </test-method> <!-- login_logout -->
        <test-method signature="login_logout(java.lang.String, java.lang.String)[pri:0, instance:Com.TestScripts.Dataprovider@5af97850]" started-at="2020-08-04T11:33:08 IST" name="login_logout" data-provider="testdata" finished-at="2020-08-04T11:33:18 IST" duration-ms="9842" status="PASS">
          <params>
            <param index="0">
              <value>
                <![CDATA[admin12]]>
              </value>
            </param>
            <param index="1">
              <value>
                <![CDATA[admin12]]>
              </value>
            </param>
          </params>
          <reporter-output>
          </reporter-output>
        </test-method> <!-- login_logout -->
        <test-method signature="login_logout(java.lang.String, java.lang.String)[pri:0, instance:Com.TestScripts.Dataprovider@5af97850]" started-at="2020-08-04T11:33:18 IST" name="login_logout" data-provider="testdata" finished-at="2020-08-04T11:33:31 IST" duration-ms="13289" status="PASS">
          <params>
            <param index="0">
              <value>
                <![CDATA[Admin]]>
              </value>
            </param>
            <param index="1">
              <value>
                <![CDATA[admin123]]>
              </value>
            </param>
          </params>
          <reporter-output>
          </reporter-output>
        </test-method> <!-- login_logout -->
      </class> <!-- Com.TestScripts.Dataprovider -->
    </test> <!-- Test -->
  </suite> <!-- Suite -->
</testng-results>
